<?xml version="1.0" encoding="UTF-8"?>
<!-- Generated by org.testng.reporters.JUnitReportReporter -->
<testsuite hostname="Aish" failures="0" tests="2" name="rahulshettyacademy.Tests.PractisePageObject" time="28.710" errors="0" timestamp="2024-03-30T12:05:18 IST" skipped="0">
  <testcase classname="rahulshettyacademy.Tests.PractisePageObject" name="PractisePageObject" time="13.148"/>
  <testcase classname="rahulshettyacademy.Tests.PractisePageObject" name="PractisePageObject" time="15.562"/>
</testsuite> <!-- rahulshettyacademy.Tests.PractisePageObject -->
