<?xml version="1.0" encoding="UTF-8"?>
<!-- Generated by org.testng.reporters.JUnitReportReporter -->
<testsuite hostname="Aish" failures="0" tests="2" name="rahulshettyacademy.Tests.ErrorValidationTest" time="14.280" errors="0" timestamp="2024-03-30T07:38:11 IST" skipped="0">
  <testcase classname="rahulshettyacademy.Tests.ErrorValidationTest" name="ProductErrorValidation" time="11.688"/>
  <testcase classname="rahulshettyacademy.Tests.ErrorValidationTest" name="LoginErrorValidation" time="2.592"/>
</testsuite> <!-- rahulshettyacademy.Tests.ErrorValidationTest -->
