<?xml version="1.0" encoding="UTF-8"?>
<!-- Generated by org.testng.reporters.JUnitReportReporter -->
<testsuite hostname="Aish" failures="0" tests="1" name="rahulshettyacademy.Tests.ErrorValidations" time="3.330" errors="0" timestamp="2024-03-28T12:20:17 IST" skipped="0">
  <testcase classname="rahulshettyacademy.Tests.ErrorValidations" name="practisePage" time="3.330"/>
</testsuite> <!-- rahulshettyacademy.Tests.ErrorValidations -->
