<?xml version="1.0" encoding="UTF-8"?>
<!-- Generated by org.testng.reporters.JUnitReportReporter -->
<testsuite hostname="Aish" failures="0" tests="1" name="rahulshettyacademy.Tests.ErrorValidation" time="4.034" errors="0" timestamp="2024-03-28T12:42:15 IST" skipped="0">
  <testcase classname="rahulshettyacademy.Tests.ErrorValidation" name="PractisePageObject" time="4.034"/>
</testsuite> <!-- rahulshettyacademy.Tests.ErrorValidation -->
