<?xml version="1.0" encoding="UTF-8"?>
<!-- Generated by org.testng.reporters.JUnitReportReporter -->
<testsuite hostname="Aish" failures="0" tests="1" name="cucumber.TestNGTestRunner" time="12.860" errors="0" timestamp="2024-04-01T00:19:38 IST" skipped="0">
  <testcase classname="cucumber.TestNGTestRunner" name="runScenario" time="12.860"/>
</testsuite> <!-- cucumber.TestNGTestRunner -->
