<?xml version="1.0" encoding="UTF-8"?>
<!-- Generated by org.testng.reporters.JUnitReportReporter -->
<testsuite hostname="Aish" failures="0" tests="2" name="rahulshettyacademy.Tests.ErrorValidationTest" time="80.029" errors="0" timestamp="2024-04-01T00:29:13 IST" skipped="0">
  <testcase classname="rahulshettyacademy.Tests.ErrorValidationTest" name="LoginErrorValidation" time="10.867"/>
  <testcase classname="rahulshettyacademy.Tests.ErrorValidationTest" name="ProductErrorValidation" time="69.162"/>
</testsuite> <!-- rahulshettyacademy.Tests.ErrorValidationTest -->
